Sep 04, 2014 4:39:58 PM com.salesforce.ide.wsdl2apex.core.Wsdl2Apex doParse
SEVERE: Failed to parse wsdl: simpleType->element Name can not be null. 2640:41

Sep 04, 2014 4:39:58 PM com.salesforce.ide.wsdl2apex.core.Wsdl2Apex doGenerate
SEVERE: Failed to parse wsdl: com.sforce.ws.ConnectionException: Unable to find schema type for element ElementWithNoSchemaType
Sep 04, 2014 4:39:58 PM com.salesforce.ide.wsdl2apex.core.Wsdl2Apex doParse
SEVERE: Failed to parse wsdl: Failed to parse WSDL: Unable to find binding {urn:dotnet.callouttest.soap.sforce.com}IDontExist. Found DotNetInteropTestServiceSoap instead.

Sep 04, 2014 4:39:58 PM com.salesforce.ide.wsdl2apex.core.Wsdl2Apex doGenerate
SEVERE: Failed to get type for operation '{http://doc.sample.com/docSample}EchoString' due to Unsupported WSDL. Found more than one part for message EchoStringSoapIn
Sep 04, 2014 4:39:58 PM com.salesforce.ide.wsdl2apex.core.Wsdl2Apex doParse
SEVERE: Failed to parse wsdl: Unable to find wsdl:service in the specified wsdl

Sep 04, 2014 4:39:58 PM com.salesforce.ide.wsdl2apex.core.Wsdl2Apex doParse
SEVERE: Failed to parse wsdl: Unsupported WSDL style 'rpc'. Only supports Dcoument/literal/wrapped services. 24:57

Sep 04, 2014 4:39:58 PM com.salesforce.ide.wsdl2apex.core.Wsdl2Apex doGenerate
SEVERE: Unsupported schema type: {http://www.w3.org/2001/XMLSchema}gDay
Sep 04, 2014 4:39:58 PM com.salesforce.ide.wsdl2apex.core.Wsdl2Apex doParse
SEVERE: Failed to parse wsdl: Unable to find binding in port DotNetInteropTestServiceSoap

Sep 04, 2014 4:39:58 PM com.salesforce.ide.wsdl2apex.core.Wsdl2Apex doGenerate
SEVERE: Failed to parse wsdl: com.sforce.ws.ConnectionException: Unable to find element for {urn:dotnet.callouttest.soap.sforce.com}EchoStringResponse
Sep 04, 2014 4:39:58 PM com.salesforce.ide.wsdl2apex.core.Wsdl2Apex doGenerate
SEVERE: No type specified for element anyType
Sep 04, 2014 4:39:58 PM com.salesforce.ide.wsdl2apex.core.Wsdl2Apex doGenerate
SEVERE: Failed to parse wsdl: com.sforce.ws.ConnectionException: Unable to find Schema type for TestHeader
Sep 04, 2014 4:39:58 PM com.salesforce.ide.wsdl2apex.core.Wsdl2Apex doParse
SEVERE: Failed to parse wsdl: Parse error: Found invalid XML. only whitespace content allowed before start tag and not t (position: START_DOCUMENT seen t... @1:1) 

Sep 04, 2014 4:39:58 PM com.salesforce.ide.wsdl2apex.core.Wsdl2Apex doGenerate
SEVERE: Failed to get type for operation '{http://doc.sample.com/docSample}EchoString' due to Unsupported WSDL. No part found for message: EchoStringSoapIn
Sep 04, 2014 4:39:58 PM com.salesforce.ide.wsdl2apex.core.Wsdl2Apex doGenerate
SEVERE: Class name 'Metadata' already in use. Please edit WSDL to remove repeated names
Sep 04, 2014 4:39:58 PM com.salesforce.ide.wsdl2apex.core.Wsdl2Apex doGenerate
SEVERE: Unable to find type definition for schema type: {http://tempuri.org/}DNSInfo-xxx Due to: Unable to find complexType for {http://tempuri.org/}DNSInfo-xxx
Sep 04, 2014 4:39:58 PM com.salesforce.ide.wsdl2apex.core.Wsdl2Apex doGenerate
SEVERE: Failed to parse wsdl: com.sforce.ws.ConnectionException: Unsupported WSDL. No part found for message: EchoStringSoapOut
Sep 04, 2014 4:39:58 PM com.salesforce.ide.wsdl2apex.core.Wsdl2Apex doParse
SEVERE: Failed to parse wsdl: Unable to find wsdl:binding in the specified wsdl

Sep 04, 2014 4:39:58 PM com.salesforce.ide.wsdl2apex.core.Wsdl2Apex doGenerate
SEVERE: Unsupported schema type: {http://www.w3.org/2001/XMLSchema}IDontExist
Sep 04, 2014 4:39:58 PM com.salesforce.ide.wsdl2apex.core.Wsdl2Apex doParse
SEVERE: Failed to parse wsdl: Unable to find port in wsdl:service

Sep 04, 2014 4:39:58 PM com.salesforce.ide.wsdl2apex.core.Wsdl2Apex doParse
SEVERE: Failed to parse wsdl: Unsupported Schema element found http://www.w3.org/2001/XMLSchema:include. At: 13:51

Sep 04, 2014 4:39:58 PM com.salesforce.ide.wsdl2apex.core.Wsdl2Apex doParse
SEVERE: Failed to parse wsdl: Unsupported WSDL style 'rpc'. Only supports Dcoument/literal/wrapped services. 25:60

Sep 04, 2014 4:39:58 PM com.salesforce.ide.wsdl2apex.core.Wsdl2Apex doParse
SEVERE: Failed to parse wsdl: Found more than one wsdl:portType. WSDL with multiple portType not supported

Sep 04, 2014 4:39:58 PM com.salesforce.ide.wsdl2apex.core.Wsdl2Apex doGenerate
SEVERE: Failed to parse wsdl: com.sforce.ws.ConnectionException: Unsupported WSDL. Found more than one part for message EchoStringSoapOut
Sep 04, 2014 4:39:58 PM com.salesforce.ide.wsdl2apex.core.Wsdl2Apex doParse
SEVERE: Failed to parse wsdl: Found schema import from location AlexaWebSearch.xsd. External schema import not supported

Sep 04, 2014 4:39:58 PM com.salesforce.ide.wsdl2apex.core.Wsdl2Apex doParse
SEVERE: Failed to parse wsdl: Unable to find wsdl:portType in the specified wsdl

Sep 04, 2014 4:39:58 PM com.salesforce.ide.wsdl2apex.core.Wsdl2Apex doParse
SEVERE: Failed to parse wsdl: Found more than one wsdl:binding. WSDL with multiple binding not supported

Sep 04, 2014 4:39:58 PM com.salesforce.ide.wsdl2apex.core.Wsdl2Apex doGenerate
SEVERE: Unable to find soap 1.1 address
Sep 04, 2014 4:39:58 PM com.salesforce.ide.wsdl2apex.core.Wsdl2Apex doGenerate
SEVERE: Failed to get type for operation '{urn:dotnet.callouttest.soap.sforce.com}EchoBoolean' due to Element not defined for part 'parameters'
Sep 04, 2014 4:39:58 PM com.salesforce.ide.wsdl2apex.core.Wsdl2Apex doParse
SEVERE: Failed to parse wsdl: Parse error: Found invalid XML. processing instruction can not have PITarget with reserveld xml name (position: START_DOCUMENT seen \r\n<?xml ... @2:7) 

Sep 04, 2014 4:39:58 PM com.salesforce.ide.wsdl2apex.core.Wsdl2Apex doParse
SEVERE: Failed to parse wsdl: Unexpected element 'complexType' at: 19:37

Sep 04, 2014 4:39:58 PM com.salesforce.ide.wsdl2apex.core.Wsdl2Apex doParse
SEVERE: Failed to parse wsdl: targetNamespace not specified in wsdl:definitions 

Sep 04, 2014 4:39:58 PM com.salesforce.ide.wsdl2apex.core.Wsdl2Apex doParse
SEVERE: Failed to parse wsdl: Found a fault without name

Sep 04, 2014 4:39:58 PM com.salesforce.ide.wsdl2apex.core.Wsdl2Apex doGenerate
SEVERE: Failed to parse wsdl: com.sforce.ws.ConnectionException: No message found for:{urn:dotnet.callouttest.soap.sforce.com}MeNeither
